<?xml version="1.0" encoding="UTF-8"?>
<!-- Generated by org.testng.reporters.JUnitReportReporter -->
<testsuite skipped="0" hostname="LAPTOP-V9I9TCUB" name="com.salesforce.qa.testcases.LoginPageTest" tests="1" failures="0" timestamp="14 Oct 2020 14:20:04 GMT" time="128.810" errors="0">
  <testcase name="loginTest" time="128.810" classname="com.salesforce.qa.testcases.LoginPageTest"/>
</testsuite> <!-- com.salesforce.qa.testcases.LoginPageTest -->
