<?xml version="1.0" encoding="UTF-8"?>
<!-- Generated by org.testng.reporters.JUnitReportReporter -->
<testsuite skipped="0" hostname="LAPTOP-V9I9TCUB" name="com.salesforce.qa.testcases.AccountPageTest" tests="1" failures="0" timestamp="14 Oct 2020 14:20:03 GMT" time="181.980" errors="0">
  <testcase name="verifyAccountCreationAndEdit" time="181.980" classname="com.salesforce.qa.testcases.AccountPageTest"/>
</testsuite> <!-- com.salesforce.qa.testcases.AccountPageTest -->
